<?xml version="1.0" encoding="UTF-8"?>
<!-- Generated by org.testng.reporters.JUnitReportReporter -->
<testsuite hostname="SK" name="com.diw.test.StudentLoginTest" tests="2" failures="0" timestamp="11 Nov 2015 08:01:22 GMT" time="8.574" errors="0">
  <testcase name="studentlogout" time="2.076" classname="com.diw.test.StudentLoginTest"/>
  <testcase name="checkStudentLogin" time="6.498" classname="com.diw.test.StudentLoginTest"/>
</testsuite> <!-- com.diw.test.StudentLoginTest -->
