<?xml version="1.0" encoding="UTF-8"?>
<!-- Generated by org.testng.reporters.JUnitReportReporter -->
<testsuite hostname="SK" name="com.diw.test.TutorLoginPageTest" tests="2" failures="0" timestamp="11 Nov 2015 08:01:22 GMT" time="10.315" errors="0">
  <testcase name="checkTutorLogout" time="1.521" classname="com.diw.test.TutorLoginPageTest"/>
  <testcase name="checkTutorLogin" time="8.794" classname="com.diw.test.TutorLoginPageTest"/>
</testsuite> <!-- com.diw.test.TutorLoginPageTest -->
