<?xml version="1.0" encoding="UTF-8"?>
<!-- Generated by org.testng.reporters.JUnitReportReporter -->
<testsuite hostname="SK" name="com.diw.test.AdminLoginPageTest" tests="3" failures="0" timestamp="11 Nov 2015 08:01:22 GMT" time="12.844" errors="0">
  <testcase name="checkAdminLogin" time="2.979" classname="com.diw.test.AdminLoginPageTest"/>
  <testcase name="checkEditCourse" time="4.628" classname="com.diw.test.AdminLoginPageTest"/>
  <testcase name="checkAddCourse" time="5.237" classname="com.diw.test.AdminLoginPageTest"/>
</testsuite> <!-- com.diw.test.AdminLoginPageTest -->
